d:\workshop\es2evaluation\es.evaluation2.0solution\es2evaluationresultanalyse\x64\debug\moc_es2evaluationresultanalyse.obj
d:\workshop\es2evaluation\es.evaluation2.0solution\es2evaluationresultanalyse\x64\debug\qrc_es2evaluationresultanalyse.obj
d:\workshop\es2evaluation\es.evaluation2.0solution\es2evaluationresultanalyse\x64\debug\main.obj
d:\workshop\es2evaluation\es.evaluation2.0solution\es2evaluationresultanalyse\x64\debug\moc_loaddatafile.obj
d:\workshop\es2evaluation\es.evaluation2.0solution\es2evaluationresultanalyse\x64\debug\moc_waitingwindow.obj
d:\workshop\es2evaluation\es.evaluation2.0solution\es2evaluationresultanalyse\x64\debug\vc142.pdb
d:\workshop\es2evaluation\es.evaluation2.0solution\es2evaluationresultanalyse\x64\debug\es2evaluationresultanalyse.obj
d:\workshop\es2evaluation\es.evaluation2.0solution\es2evaluationresultanalyse\x64\debug\loaddatafile.obj
d:\workshop\es2evaluation\es.evaluation2.0solution\es2evaluationresultanalyse\x64\debug\uic\ui_es2evaluationresultanalyse.h
d:\workshop\es2evaluation\es.evaluation2.0solution\es2evaluationresultanalyse\x64\debug\uic\ui_waitingwindow.h
d:\workshop\es2evaluation\es.evaluation2.0solution\es2evaluationresultanalyse\x64\debug\rcc\qrc_es2evaluationresultanalyse.cpp
d:\workshop\es2evaluation\es.evaluation2.0solution\es2evaluationresultanalyse\x64\debug\moc\moc_es2evaluationresultanalyse.cpp
d:\workshop\es2evaluation\es.evaluation2.0solution\es2evaluationresultanalyse\x64\debug\moc\moc_waitingwindow.cpp
d:\workshop\es2evaluation\es.evaluation2.0solution\es2evaluationresultanalyse\x64\debug\moc\moc_loaddatafile.cpp
d:\workshop\es2evaluation\es.evaluation2.0solution\x64\debug\es2evaluationresultanalyse.exe
d:\workshop\es2evaluation\es.evaluation2.0solution\x64\debug\es2evaluationresultanalyse.ilk
d:\workshop\es2evaluation\es.evaluation2.0solution\x64\debug\es2evaluationresultanalyse.pdb
d:\workshop\es2evaluation\es.evaluation2.0solution\es2evaluationresultanalyse\x64\debug\es2evaluationresultanalyse.res
d:\workshop\es2evaluation\es.evaluation2.0solution\es2evaluationresultanalyse\x64\debug\es2evalu.f37ec31e.tlog\cl.command.1.tlog
d:\workshop\es2evaluation\es.evaluation2.0solution\es2evaluationresultanalyse\x64\debug\es2evalu.f37ec31e.tlog\cl.read.1.tlog
d:\workshop\es2evaluation\es.evaluation2.0solution\es2evaluationresultanalyse\x64\debug\es2evalu.f37ec31e.tlog\cl.write.1.tlog
d:\workshop\es2evaluation\es.evaluation2.0solution\es2evaluationresultanalyse\x64\debug\es2evalu.f37ec31e.tlog\es2evaluationresultanalyse.write.1u.tlog
d:\workshop\es2evaluation\es.evaluation2.0solution\es2evaluationresultanalyse\x64\debug\es2evalu.f37ec31e.tlog\link.command.1.tlog
d:\workshop\es2evaluation\es.evaluation2.0solution\es2evaluationresultanalyse\x64\debug\es2evalu.f37ec31e.tlog\link.read.1.tlog
d:\workshop\es2evaluation\es.evaluation2.0solution\es2evaluationresultanalyse\x64\debug\es2evalu.f37ec31e.tlog\link.write.1.tlog
d:\workshop\es2evaluation\es.evaluation2.0solution\es2evaluationresultanalyse\x64\debug\es2evalu.f37ec31e.tlog\moc.read.1u.tlog
d:\workshop\es2evaluation\es.evaluation2.0solution\es2evaluationresultanalyse\x64\debug\es2evalu.f37ec31e.tlog\moc.write.1u.tlog
d:\workshop\es2evaluation\es.evaluation2.0solution\es2evaluationresultanalyse\x64\debug\es2evalu.f37ec31e.tlog\rc.command.1.tlog
d:\workshop\es2evaluation\es.evaluation2.0solution\es2evaluationresultanalyse\x64\debug\es2evalu.f37ec31e.tlog\rc.read.1.tlog
d:\workshop\es2evaluation\es.evaluation2.0solution\es2evaluationresultanalyse\x64\debug\es2evalu.f37ec31e.tlog\rc.write.1.tlog
d:\workshop\es2evaluation\es.evaluation2.0solution\es2evaluationresultanalyse\x64\debug\es2evalu.f37ec31e.tlog\rcc.read.1u.tlog
d:\workshop\es2evaluation\es.evaluation2.0solution\es2evaluationresultanalyse\x64\debug\es2evalu.f37ec31e.tlog\rcc.write.1u.tlog
d:\workshop\es2evaluation\es.evaluation2.0solution\es2evaluationresultanalyse\x64\debug\es2evalu.f37ec31e.tlog\uic.read.1u.tlog
d:\workshop\es2evaluation\es.evaluation2.0solution\es2evaluationresultanalyse\x64\debug\es2evalu.f37ec31e.tlog\uic.write.1u.tlog
